Analysis & Synthesis report for RotaryEncoder
Thu Apr 06 12:20:36 2023
Quartus Prime Version 20.1.0 Build 711 06/05/2020 SJ Lite Edition


---------------------
; Table of Contents ;
---------------------
  1. Legal Notice
  2. Analysis & Synthesis Summary
  3. Analysis & Synthesis Settings
  4. Parallel Compilation
  5. Analysis & Synthesis Source Files Read
  6. Analysis & Synthesis Resource Usage Summary
  7. Analysis & Synthesis Resource Utilization by Entity
  8. General Register Statistics
  9. Parameter Settings for User Entity Instance: Top-level Entity: |SynRotaryEncoderCounter
 10. Parameter Settings for User Entity Instance: RotaryEncoderCounter:RotaryEncoderCounter_inst
 11. Port Connectivity Checks: "RotaryEncoderCounter:RotaryEncoderCounter_inst"
 12. Post-Synthesis Netlist Statistics for Top Partition
 13. Elapsed Time Per Partition
 14. Analysis & Synthesis Messages



----------------
; Legal Notice ;
----------------
Copyright (C) 2020  Intel Corporation. All rights reserved.
Your use of Intel Corporation's design tools, logic functions 
and other software and tools, and any partner logic 
functions, and any output files from any of the foregoing 
(including device programming or simulation files), and any 
associated documentation or information are expressly subject 
to the terms and conditions of the Intel Program License 
Subscription Agreement, the Intel Quartus Prime License Agreement,
the Intel FPGA IP License Agreement, or other applicable license
agreement, including, without limitation, that your use is for
the sole purpose of programming logic devices manufactured by
Intel and sold by Intel or its authorized distributors.  Please
refer to the applicable agreement for further details, at
https://fpgasoftware.intel.com/eula.



+----------------------------------------------------------------------------------+
; Analysis & Synthesis Summary                                                     ;
+------------------------------------+---------------------------------------------+
; Analysis & Synthesis Status        ; Successful - Thu Apr 06 12:20:36 2023       ;
; Quartus Prime Version              ; 20.1.0 Build 711 06/05/2020 SJ Lite Edition ;
; Revision Name                      ; RotaryEncoder                               ;
; Top-level Entity Name              ; SynRotaryEncoderCounter                     ;
; Family                             ; MAX 10                                      ;
; Total logic elements               ; 6                                           ;
;     Total combinational functions  ; 2                                           ;
;     Dedicated logic registers      ; 6                                           ;
; Total registers                    ; 6                                           ;
; Total pins                         ; 7                                           ;
; Total virtual pins                 ; 0                                           ;
; Total memory bits                  ; 0                                           ;
; Embedded Multiplier 9-bit elements ; 0                                           ;
; Total PLLs                         ; 0                                           ;
; UFM blocks                         ; 0                                           ;
; ADC blocks                         ; 0                                           ;
+------------------------------------+---------------------------------------------+


+-----------------------------------------------------------------------------------------------------------------+
; Analysis & Synthesis Settings                                                                                   ;
+------------------------------------------------------------------+-------------------------+--------------------+
; Option                                                           ; Setting                 ; Default Value      ;
+------------------------------------------------------------------+-------------------------+--------------------+
; Device                                                           ; 10M50DAF484C7G          ;                    ;
; Top-level entity name                                            ; SynRotaryEncoderCounter ; RotaryEncoder      ;
; Family name                                                      ; MAX 10                  ; Cyclone V          ;
; Use smart compilation                                            ; Off                     ; Off                ;
; Enable parallel Assembler and Timing Analyzer during compilation ; On                      ; On                 ;
; Enable compact report table                                      ; Off                     ; Off                ;
; Restructure Multiplexers                                         ; Auto                    ; Auto               ;
; Create Debugging Nodes for IP Cores                              ; Off                     ; Off                ;
; Preserve fewer node names                                        ; On                      ; On                 ;
; Intel FPGA IP Evaluation Mode                                    ; Enable                  ; Enable             ;
; Verilog Version                                                  ; Verilog_2001            ; Verilog_2001       ;
; VHDL Version                                                     ; VHDL_1993               ; VHDL_1993          ;
; State Machine Processing                                         ; Auto                    ; Auto               ;
; Safe State Machine                                               ; Off                     ; Off                ;
; Extract Verilog State Machines                                   ; On                      ; On                 ;
; Extract VHDL State Machines                                      ; On                      ; On                 ;
; Ignore Verilog initial constructs                                ; Off                     ; Off                ;
; Iteration limit for constant Verilog loops                       ; 5000                    ; 5000               ;
; Iteration limit for non-constant Verilog loops                   ; 250                     ; 250                ;
; Add Pass-Through Logic to Inferred RAMs                          ; On                      ; On                 ;
; Infer RAMs from Raw Logic                                        ; On                      ; On                 ;
; Parallel Synthesis                                               ; On                      ; On                 ;
; DSP Block Balancing                                              ; Auto                    ; Auto               ;
; NOT Gate Push-Back                                               ; On                      ; On                 ;
; Power-Up Don't Care                                              ; On                      ; On                 ;
; Remove Redundant Logic Cells                                     ; Off                     ; Off                ;
; Remove Duplicate Registers                                       ; On                      ; On                 ;
; Ignore CARRY Buffers                                             ; Off                     ; Off                ;
; Ignore CASCADE Buffers                                           ; Off                     ; Off                ;
; Ignore GLOBAL Buffers                                            ; Off                     ; Off                ;
; Ignore ROW GLOBAL Buffers                                        ; Off                     ; Off                ;
; Ignore LCELL Buffers                                             ; Off                     ; Off                ;
; Ignore SOFT Buffers                                              ; On                      ; On                 ;
; Limit AHDL Integers to 32 Bits                                   ; Off                     ; Off                ;
; Optimization Technique                                           ; Balanced                ; Balanced           ;
; Carry Chain Length                                               ; 70                      ; 70                 ;
; Auto Carry Chains                                                ; On                      ; On                 ;
; Auto Open-Drain Pins                                             ; On                      ; On                 ;
; Perform WYSIWYG Primitive Resynthesis                            ; Off                     ; Off                ;
; Auto ROM Replacement                                             ; On                      ; On                 ;
; Auto RAM Replacement                                             ; On                      ; On                 ;
; Auto DSP Block Replacement                                       ; On                      ; On                 ;
; Auto Shift Register Replacement                                  ; Auto                    ; Auto               ;
; Allow Shift Register Merging across Hierarchies                  ; Auto                    ; Auto               ;
; Auto Clock Enable Replacement                                    ; On                      ; On                 ;
; Strict RAM Replacement                                           ; Off                     ; Off                ;
; Allow Synchronous Control Signals                                ; On                      ; On                 ;
; Force Use of Synchronous Clear Signals                           ; Off                     ; Off                ;
; Auto RAM Block Balancing                                         ; On                      ; On                 ;
; Auto RAM to Logic Cell Conversion                                ; Off                     ; Off                ;
; Auto Resource Sharing                                            ; Off                     ; Off                ;
; Allow Any RAM Size For Recognition                               ; Off                     ; Off                ;
; Allow Any ROM Size For Recognition                               ; Off                     ; Off                ;
; Allow Any Shift Register Size For Recognition                    ; Off                     ; Off                ;
; Use LogicLock Constraints during Resource Balancing              ; On                      ; On                 ;
; Ignore translate_off and synthesis_off directives                ; Off                     ; Off                ;
; Timing-Driven Synthesis                                          ; On                      ; On                 ;
; Report Parameter Settings                                        ; On                      ; On                 ;
; Report Source Assignments                                        ; On                      ; On                 ;
; Report Connectivity Checks                                       ; On                      ; On                 ;
; Ignore Maximum Fan-Out Assignments                               ; Off                     ; Off                ;
; Synchronization Register Chain Length                            ; 2                       ; 2                  ;
; Power Optimization During Synthesis                              ; Normal compilation      ; Normal compilation ;
; HDL message level                                                ; Level2                  ; Level2             ;
; Suppress Register Optimization Related Messages                  ; Off                     ; Off                ;
; Number of Removed Registers Reported in Synthesis Report         ; 5000                    ; 5000               ;
; Number of Swept Nodes Reported in Synthesis Report               ; 5000                    ; 5000               ;
; Number of Inverted Registers Reported in Synthesis Report        ; 100                     ; 100                ;
; Clock MUX Protection                                             ; On                      ; On                 ;
; Auto Gated Clock Conversion                                      ; Off                     ; Off                ;
; Block Design Naming                                              ; Auto                    ; Auto               ;
; SDC constraint protection                                        ; Off                     ; Off                ;
; Synthesis Effort                                                 ; Auto                    ; Auto               ;
; Shift Register Replacement - Allow Asynchronous Clear Signal     ; On                      ; On                 ;
; Pre-Mapping Resynthesis Optimization                             ; Off                     ; Off                ;
; Analysis & Synthesis Message Level                               ; Medium                  ; Medium             ;
; Disable Register Merging Across Hierarchies                      ; Auto                    ; Auto               ;
; Resource Aware Inference For Block RAM                           ; On                      ; On                 ;
+------------------------------------------------------------------+-------------------------+--------------------+


+------------------------------------------+
; Parallel Compilation                     ;
+----------------------------+-------------+
; Processors                 ; Number      ;
+----------------------------+-------------+
; Number detected on machine ; 8           ;
; Maximum allowed            ; 4           ;
;                            ;             ;
; Average used               ; 1.00        ;
; Maximum used               ; 4           ;
;                            ;             ;
; Usage by Processor         ; % Time Used ;
;     Processor 1            ; 100.0%      ;
;     Processors 2-4         ;   0.0%      ;
+----------------------------+-------------+


+---------------------------------------------------------------------------------------------------------------------------------------------------------------------+
; Analysis & Synthesis Source Files Read                                                                                                                              ;
+----------------------------------+-----------------+-----------------+------------------------------------------------------------------------------------+---------+
; File Name with User-Entered Path ; Used in Netlist ; File Type       ; File Name with Absolute Path                                                       ; Library ;
+----------------------------------+-----------------+-----------------+------------------------------------------------------------------------------------+---------+
; SynRotaryEncoderCounter.vhd      ; yes             ; User VHDL File  ; C:/Users/pret/Documents/Code/Electronics/RotaryEncoder/SynRotaryEncoderCounter.vhd ;         ;
; RotaryEncoderCounter.vhd         ; yes             ; User VHDL File  ; C:/Users/pret/Documents/Code/Electronics/RotaryEncoder/RotaryEncoderCounter.vhd    ;         ;
; DFlipFlop.vhd                    ; yes             ; User VHDL File  ; C:/Users/pret/Documents/Code/Electronics/RotaryEncoder/DFlipFlop.vhd               ;         ;
+----------------------------------+-----------------+-----------------+------------------------------------------------------------------------------------+---------+


+---------------------------------------------------------+
; Analysis & Synthesis Resource Usage Summary             ;
+---------------------------------------------+-----------+
; Resource                                    ; Usage     ;
+---------------------------------------------+-----------+
; Estimated Total logic elements              ; 6         ;
;                                             ;           ;
; Total combinational functions               ; 2         ;
; Logic element usage by number of LUT inputs ;           ;
;     -- 4 input functions                    ; 0         ;
;     -- 3 input functions                    ; 2         ;
;     -- <=2 input functions                  ; 0         ;
;                                             ;           ;
; Logic elements by mode                      ;           ;
;     -- normal mode                          ; 2         ;
;     -- arithmetic mode                      ; 0         ;
;                                             ;           ;
; Total registers                             ; 6         ;
;     -- Dedicated logic registers            ; 6         ;
;     -- I/O registers                        ; 0         ;
;                                             ;           ;
; I/O pins                                    ; 7         ;
;                                             ;           ;
; Embedded Multiplier 9-bit elements          ; 0         ;
;                                             ;           ;
; Maximum fan-out node                        ; CLK~input ;
; Maximum fan-out                             ; 4         ;
; Total fan-out                               ; 31        ;
; Average fan-out                             ; 1.41      ;
+---------------------------------------------+-----------+


+-----------------------------------------------------------------------------------------------------------------------------------------------------------------------------------------------------------------------------------------------------------------------------------------------------------------------------+
; Analysis & Synthesis Resource Utilization by Entity                                                                                                                                                                                                                                                                         ;
+-----------------------------------------------------+---------------------+---------------------------+-------------+------------+--------------+---------+-----------+------+--------------+------------+-------------------------------------------------------------------------+-------------------------+--------------+
; Compilation Hierarchy Node                          ; Combinational ALUTs ; Dedicated Logic Registers ; Memory Bits ; UFM Blocks ; DSP Elements ; DSP 9x9 ; DSP 18x18 ; Pins ; Virtual Pins ; ADC blocks ; Full Hierarchy Name                                                     ; Entity Name             ; Library Name ;
+-----------------------------------------------------+---------------------+---------------------------+-------------+------------+--------------+---------+-----------+------+--------------+------------+-------------------------------------------------------------------------+-------------------------+--------------+
; |SynRotaryEncoderCounter                            ; 2 (0)               ; 6 (2)                     ; 0           ; 0          ; 0            ; 0       ; 0         ; 7    ; 0            ; 0          ; |SynRotaryEncoderCounter                                                ; SynRotaryEncoderCounter ; work         ;
;    |DFlipFlop:DT_cleaned|                           ; 0 (0)               ; 1 (1)                     ; 0           ; 0          ; 0            ; 0       ; 0         ; 0    ; 0            ; 0          ; |SynRotaryEncoderCounter|DFlipFlop:DT_cleaned                           ; DFlipFlop               ; work         ;
;    |DFlipFlop:RO_CLK_cleaned|                       ; 0 (0)               ; 1 (1)                     ; 0           ; 0          ; 0            ; 0       ; 0         ; 0    ; 0            ; 0          ; |SynRotaryEncoderCounter|DFlipFlop:RO_CLK_cleaned                       ; DFlipFlop               ; work         ;
;    |RotaryEncoderCounter:RotaryEncoderCounter_inst| ; 2 (2)               ; 2 (2)                     ; 0           ; 0          ; 0            ; 0       ; 0         ; 0    ; 0            ; 0          ; |SynRotaryEncoderCounter|RotaryEncoderCounter:RotaryEncoderCounter_inst ; RotaryEncoderCounter    ; work         ;
+-----------------------------------------------------+---------------------+---------------------------+-------------+------------+--------------+---------+-----------+------+--------------+------------+-------------------------------------------------------------------------+-------------------------+--------------+
Note: For table entries with two numbers listed, the numbers in parentheses indicate the number of resources of the given type used by the specific entity alone. The numbers listed outside of parentheses indicate the total resources of the given type used by the specific entity and all of its sub-entities in the hierarchy.


+------------------------------------------------------+
; General Register Statistics                          ;
+----------------------------------------------+-------+
; Statistic                                    ; Value ;
+----------------------------------------------+-------+
; Total registers                              ; 6     ;
; Number of registers using Synchronous Clear  ; 0     ;
; Number of registers using Synchronous Load   ; 0     ;
; Number of registers using Asynchronous Clear ; 4     ;
; Number of registers using Asynchronous Load  ; 0     ;
; Number of registers using Clock Enable       ; 0     ;
; Number of registers using Preset             ; 0     ;
+----------------------------------------------+-------+


+-----------------------------------------------------------------------------------------+
; Parameter Settings for User Entity Instance: Top-level Entity: |SynRotaryEncoderCounter ;
+----------------+-------+----------------------------------------------------------------+
; Parameter Name ; Value ; Type                                                           ;
+----------------+-------+----------------------------------------------------------------+
; MAX            ; 4     ; Signed Integer                                                 ;
; BORNED         ; '1'   ; Enumerated                                                     ;
+----------------+-------+----------------------------------------------------------------+
Note: In order to hide this table in the UI and the text report file, please set the "Show Parameter Settings in Synthesis Report" option in "Analysis and Synthesis Settings -> More Settings" to "Off".


+---------------------------------------------------------------------------------------------+
; Parameter Settings for User Entity Instance: RotaryEncoderCounter:RotaryEncoderCounter_inst ;
+----------------+-------+--------------------------------------------------------------------+
; Parameter Name ; Value ; Type                                                               ;
+----------------+-------+--------------------------------------------------------------------+
; MAX            ; 4     ; Signed Integer                                                     ;
; BORNED         ; '1'   ; Enumerated                                                         ;
+----------------+-------+--------------------------------------------------------------------+
Note: In order to hide this table in the UI and the text report file, please set the "Show Parameter Settings in Synthesis Report" option in "Analysis and Synthesis Settings -> More Settings" to "Off".


+----------------------------------------------------------------------------------------------------------------------+
; Port Connectivity Checks: "RotaryEncoderCounter:RotaryEncoderCounter_inst"                                           ;
+------------+--------+----------+-------------------------------------------------------------------------------------+
; Port       ; Type   ; Severity ; Details                                                                             ;
+------------+--------+----------+-------------------------------------------------------------------------------------+
; sw_pressed ; Output ; Info     ; Connected to dangling logic. Logic that only feeds a dangling port will be removed. ;
+------------+--------+----------+-------------------------------------------------------------------------------------+


+-----------------------------------------------------+
; Post-Synthesis Netlist Statistics for Top Partition ;
+-----------------------+-----------------------------+
; Type                  ; Count                       ;
+-----------------------+-----------------------------+
; boundary_port         ; 7                           ;
; cycloneiii_ff         ; 6                           ;
;     CLR               ; 4                           ;
;     plain             ; 2                           ;
; cycloneiii_lcell_comb ; 2                           ;
;     normal            ; 2                           ;
;         3 data inputs ; 2                           ;
;                       ;                             ;
; Max LUT depth         ; 1.00                        ;
; Average LUT depth     ; 0.42                        ;
+-----------------------+-----------------------------+


+-------------------------------+
; Elapsed Time Per Partition    ;
+----------------+--------------+
; Partition Name ; Elapsed Time ;
+----------------+--------------+
; Top            ; 00:00:00     ;
+----------------+--------------+


+-------------------------------+
; Analysis & Synthesis Messages ;
+-------------------------------+
Info: *******************************************************************
Info: Running Quartus Prime Analysis & Synthesis
    Info: Version 20.1.0 Build 711 06/05/2020 SJ Lite Edition
    Info: Processing started: Thu Apr 06 12:20:25 2023
Info: Command: quartus_map --read_settings_files=on --write_settings_files=off RotaryEncoder -c RotaryEncoder
Warning (18236): Number of processors has not been specified which may cause overloading on shared machines.  Set the global assignment NUM_PARALLEL_PROCESSORS in your QSF to an appropriate value for best performance.
Info (20030): Parallel compilation is enabled and will use 4 of the 4 processors detected
Info (12021): Found 2 design units, including 1 entities, in source file frequencydivider.vhd
    Info (12022): Found design unit 1: FrequencyDivider-arch File: C:/Users/pret/Documents/Code/Electronics/RotaryEncoder/FrequencyDivider.vhd Line: 22
    Info (12023): Found entity 1: FrequencyDivider File: C:/Users/pret/Documents/Code/Electronics/RotaryEncoder/FrequencyDivider.vhd Line: 10
Info (12021): Found 2 design units, including 1 entities, in source file rotaryencodertest.vhd
    Info (12022): Found design unit 1: RotaryEncoderTest-arch File: C:/Users/pret/Documents/Code/Electronics/RotaryEncoder/RotaryEncoderTest.vhd Line: 16
    Info (12023): Found entity 1: RotaryEncoderTest File: C:/Users/pret/Documents/Code/Electronics/RotaryEncoder/RotaryEncoderTest.vhd Line: 4
Info (12021): Found 2 design units, including 1 entities, in source file synrotaryencodercounter.vhd
    Info (12022): Found design unit 1: SynRotaryEncoderCounter-Arch File: C:/Users/pret/Documents/Code/Electronics/RotaryEncoder/SynRotaryEncoderCounter.vhd Line: 19
    Info (12023): Found entity 1: SynRotaryEncoderCounter File: C:/Users/pret/Documents/Code/Electronics/RotaryEncoder/SynRotaryEncoderCounter.vhd Line: 6
Info (12021): Found 2 design units, including 1 entities, in source file synrotaryencoder.vhd
    Info (12022): Found design unit 1: SynRotaryEncoder-Arch File: C:/Users/pret/Documents/Code/Electronics/RotaryEncoder/SynRotaryEncoder.vhd Line: 17
    Info (12023): Found entity 1: SynRotaryEncoder File: C:/Users/pret/Documents/Code/Electronics/RotaryEncoder/SynRotaryEncoder.vhd Line: 6
Info (12021): Found 2 design units, including 1 entities, in source file rotaryencodercounter.vhd
    Info (12022): Found design unit 1: RotaryEncoderCounter-Arch File: C:/Users/pret/Documents/Code/Electronics/RotaryEncoder/RotaryEncoderCounter.vhd Line: 19
    Info (12023): Found entity 1: RotaryEncoderCounter File: C:/Users/pret/Documents/Code/Electronics/RotaryEncoder/RotaryEncoderCounter.vhd Line: 6
Info (12021): Found 2 design units, including 1 entities, in source file dflipflop.vhd
    Info (12022): Found design unit 1: DFlipFlop-Arch File: C:/Users/pret/Documents/Code/Electronics/RotaryEncoder/DFlipFlop.vhd Line: 14
    Info (12023): Found entity 1: DFlipFlop File: C:/Users/pret/Documents/Code/Electronics/RotaryEncoder/DFlipFlop.vhd Line: 6
Info (12127): Elaborating entity "SynRotaryEncoderCounter" for the top level hierarchy
Info (12128): Elaborating entity "DFlipFlop" for hierarchy "DFlipFlop:RO_CLK_cleaned" File: C:/Users/pret/Documents/Code/Electronics/RotaryEncoder/SynRotaryEncoderCounter.vhd Line: 57
Info (12128): Elaborating entity "RotaryEncoderCounter" for hierarchy "RotaryEncoderCounter:RotaryEncoderCounter_inst" File: C:/Users/pret/Documents/Code/Electronics/RotaryEncoder/SynRotaryEncoderCounter.vhd Line: 78
Info (286030): Timing-Driven Synthesis is running
Info (16010): Generating hard_block partition "hard_block:auto_generated_inst"
    Info (16011): Adding 0 node(s), including 0 DDIO, 0 PLL, 0 transceiver and 0 LCELL
Warning (21074): Design contains 1 input pin(s) that do not drive logic
    Warning (15610): No output dependent on input pin "SW" File: C:/Users/pret/Documents/Code/Electronics/RotaryEncoder/SynRotaryEncoderCounter.vhd Line: 15
Info (21057): Implemented 13 device resources after synthesis - the final resource count might be different
    Info (21058): Implemented 5 input pins
    Info (21059): Implemented 2 output pins
    Info (21061): Implemented 6 logic cells
Info: Quartus Prime Analysis & Synthesis was successful. 0 errors, 3 warnings
    Info: Peak virtual memory: 4784 megabytes
    Info: Processing ended: Thu Apr 06 12:20:36 2023
    Info: Elapsed time: 00:00:11
    Info: Total CPU time (on all processors): 00:00:25


